{"numFailedTestSuites":0,"numFailedTests":0,"numPassedTestSuites":4,"numPassedTests":15,"numPendingTestSuites":0,"numPendingTests":0,"numRuntimeErrorTestSuites":0,"numTodoTests":0,"numTotalTestSuites":4,"numTotalTests":15,"openHandles":[],"snapshot":{"added":0,"didUpdate":false,"failure":false,"filesAdded":0,"filesRemoved":0,"filesRemovedList":[],"filesUnmatched":0,"filesUpdated":0,"matched":0,"total":0,"unchecked":0,"uncheckedKeysByFile":[],"unmatched":0,"updated":0},"startTime":1765717148815,"success":true,"testResults":[{"assertionResults":[{"ancestorTitles":["Sweet Controller Tests","POST /api/sweets"],"duration":20,"failing":false,"failureDetails":[],"failureMessages":[],"fullName":"Sweet Controller Tests POST /api/sweets should create a new sweet","invocations":1,"location":null,"numPassingAsserts":2,"retryReasons":[],"startAt":1765717150778,"status":"passed","title":"should create a new sweet"},{"ancestorTitles":["Sweet Controller Tests","POST /api/sweets"],"duration":8,"failing":false,"failureDetails":[],"failureMessages":[],"fullName":"Sweet Controller Tests POST /api/sweets should fail without authentication","invocations":1,"location":null,"numPassingAsserts":1,"retryReasons":[],"startAt":1765717150799,"status":"passed","title":"should fail without authentication"},{"ancestorTitles":["Sweet Controller Tests","GET /api/sweets"],"duration":17,"failing":false,"failureDetails":[],"failureMessages":[],"fullName":"Sweet Controller Tests GET /api/sweets should get all sweets","invocations":1,"location":null,"numPassingAsserts":3,"retryReasons":[],"startAt":1765717150808,"status":"passed","title":"should get all sweets"},{"ancestorTitles":["Sweet Controller Tests","POST /api/sweets/:id/purchase"],"duration":24,"failing":false,"failureDetails":[],"failureMessages":[],"fullName":"Sweet Controller Tests POST /api/sweets/:id/purchase should purchase a sweet successfully","invocations":1,"location":null,"numPassingAsserts":2,"retryReasons":[],"startAt":1765717150825,"status":"passed","title":"should purchase a sweet successfully"},{"ancestorTitles":["Sweet Controller Tests","POST /api/sweets/:id/purchase"],"duration":17,"failing":false,"failureDetails":[],"failureMessages":[],"fullName":"Sweet Controller Tests POST /api/sweets/:id/purchase should fail with insufficient stock","invocations":1,"location":null,"numPassingAsserts":2,"retryReasons":[],"startAt":1765717150850,"status":"passed","title":"should fail with insufficient stock"},{"ancestorTitles":["Sweet Controller Tests","DELETE /api/sweets/:id (Admin Only)"],"duration":16,"failing":false,"failureDetails":[],"failureMessages":[],"fullName":"Sweet Controller Tests DELETE /api/sweets/:id (Admin Only) should allow admin to delete sweet","invocations":1,"location":null,"numPassingAsserts":1,"retryReasons":[],"startAt":1765717150869,"status":"passed","title":"should allow admin to delete sweet"},{"ancestorTitles":["Sweet Controller Tests","DELETE /api/sweets/:id (Admin Only)"],"duration":23,"failing":false,"failureDetails":[],"failureMessages":[],"fullName":"Sweet Controller Tests DELETE /api/sweets/:id (Admin Only) should deny regular user from deleting","invocations":1,"location":null,"numPassingAsserts":1,"retryReasons":[],"startAt":1765717150886,"status":"passed","title":"should deny regular user from deleting"}],"endTime":1765717150990,"message":"","name":"C:\\Users\\singh\\OneDrive\\Desktop\\Incubyte\\backend\\src\\tests\\sweet.controller.test.js","startTime":1765717148889,"status":"passed","summary":""},{"assertionResults":[{"ancestorTitles":["User Model Test"],"duration":93,"failing":false,"failureDetails":[],"failureMessages":[],"fullName":"User Model Test should create a user successfully","invocations":1,"location":null,"numPassingAsserts":3,"retryReasons":[],"startAt":1765717151498,"status":"passed","title":"should create a user successfully"},{"ancestorTitles":["User Model Test"],"duration":5,"failing":false,"failureDetails":[],"failureMessages":[],"fullName":"User Model Test should fail without required fields","invocations":1,"location":null,"numPassingAsserts":1,"retryReasons":[],"startAt":1765717151592,"status":"passed","title":"should fail without required fields"},{"ancestorTitles":["User Model Test"],"duration":72,"failing":false,"failureDetails":[],"failureMessages":[],"fullName":"User Model Test should hash password before saving","invocations":1,"location":null,"numPassingAsserts":1,"retryReasons":[],"startAt":1765717151597,"status":"passed","title":"should hash password before saving"}],"endTime":1765717151716,"message":"","name":"C:\\Users\\singh\\OneDrive\\Desktop\\Incubyte\\backend\\src\\tests\\user.model.test.js","startTime":1765717151006,"status":"passed","summary":""},{"assertionResults":[{"ancestorTitles":["Auth Endpoints","POST /api/auth/register"],"duration":129,"failing":false,"failureDetails":[],"failureMessages":[],"fullName":"Auth Endpoints POST /api/auth/register should register a new user","invocations":1,"location":null,"numPassingAsserts":3,"retryReasons":[],"startAt":1765717152228,"status":"passed","title":"should register a new user"},{"ancestorTitles":["Auth Endpoints","POST /api/auth/login"],"duration":154,"failing":false,"failureDetails":[],"failureMessages":[],"fullName":"Auth Endpoints POST /api/auth/login should login existing user","invocations":1,"location":null,"numPassingAsserts":2,"retryReasons":[],"startAt":1765717152358,"status":"passed","title":"should login existing user"}],"endTime":1765717152547,"message":"","name":"C:\\Users\\singh\\OneDrive\\Desktop\\Incubyte\\backend\\src\\tests\\auth.test.js","startTime":1765717151724,"status":"passed","summary":""},{"assertionResults":[{"ancestorTitles":["Sweet Model Test"],"duration":31,"failing":false,"failureDetails":[],"failureMessages":[],"fullName":"Sweet Model Test should create a sweet successfully","invocations":1,"location":null,"numPassingAsserts":3,"retryReasons":[],"startAt":1765717153020,"status":"passed","title":"should create a sweet successfully"},{"ancestorTitles":["Sweet Model Test"],"duration":3,"failing":false,"failureDetails":[],"failureMessages":[],"fullName":"Sweet Model Test should fail without required fields","invocations":1,"location":null,"numPassingAsserts":1,"retryReasons":[],"startAt":1765717153052,"status":"passed","title":"should fail without required fields"},{"ancestorTitles":["Sweet Model Test"],"duration":3,"failing":false,"failureDetails":[],"failureMessages":[],"fullName":"Sweet Model Test should not allow negative price","invocations":1,"location":null,"numPassingAsserts":1,"retryReasons":[],"startAt":1765717153056,"status":"passed","title":"should not allow negative price"}],"endTime":1765717153103,"message":"","name":"C:\\Users\\singh\\OneDrive\\Desktop\\Incubyte\\backend\\src\\tests\\sweet.model.test.js","startTime":1765717152558,"status":"passed","summary":""}],"wasInterrupted":false,"coverageMap":{"C:\\Users\\singh\\OneDrive\\Desktop\\Incubyte\\backend\\src\\tests\\db-handler.js":{"path":"C:\\Users\\singh\\OneDrive\\Desktop\\Incubyte\\backend\\src\\tests\\db-handler.js","statementMap":{"0":{"start":{"line":1,"column":30},"end":{"line":1,"column":62}},"1":{"start":{"line":2,"column":17},"end":{"line":2,"column":36}},"2":{"start":{"line":6,"column":16},"end":{"line":22,"column":1}},"3":{"start":{"line":7,"column":2},"end":{"line":21,"column":3}},"4":{"start":{"line":9,"column":4},"end":{"line":9,"column":32}},"5":{"start":{"line":12,"column":4},"end":{"line":12,"column":51}},"6":{"start":{"line":13,"column":21},"end":{"line":13,"column":41}},"7":{"start":{"line":15,"column":4},"end":{"line":15,"column":37}},"8":{"start":{"line":17,"column":4},"end":{"line":17,"column":62}},"9":{"start":{"line":19,"column":4},"end":{"line":19,"column":67}},"10":{"start":{"line":20,"column":4},"end":{"line":20,"column":16}},"11":{"start":{"line":24,"column":22},"end":{"line":35,"column":1}},"12":{"start":{"line":25,"column":2},"end":{"line":34,"column":3}},"13":{"start":{"line":26,"column":4},"end":{"line":26,"column":45}},"14":{"start":{"line":27,"column":4},"end":{"line":27,"column":38}},"15":{"start":{"line":28,"column":4},"end":{"line":30,"column":5}},"16":{"start":{"line":29,"column":6},"end":{"line":29,"column":31}},"17":{"start":{"line":32,"column":4},"end":{"line":32,"column":52}},"18":{"start":{"line":33,"column":4},"end":{"line":33,"column":16}},"19":{"start":{"line":37,"column":22},"end":{"line":42,"column":1}},"20":{"start":{"line":38,"column":22},"end":{"line":38,"column":53}},"21":{"start":{"line":39,"column":2},"end":{"line":41,"column":3}},"22":{"start":{"line":40,"column":4},"end":{"line":40,"column":42}},"23":{"start":{"line":44,"column":0},"end":{"line":48,"column":2}}},"fnMap":{"0":{"name":"(anonymous_0)","decl":{"start":{"line":6,"column":16},"end":{"line":6,"column":17}},"loc":{"start":{"line":6,"column":28},"end":{"line":22,"column":1}},"line":6},"1":{"name":"(anonymous_1)","decl":{"start":{"line":24,"column":22},"end":{"line":24,"column":23}},"loc":{"start":{"line":24,"column":34},"end":{"line":35,"column":1}},"line":24},"2":{"name":"(anonymous_2)","decl":{"start":{"line":37,"column":22},"end":{"line":37,"column":23}},"loc":{"start":{"line":37,"column":34},"end":{"line":42,"column":1}},"line":37}},"branchMap":{"0":{"loc":{"start":{"line":28,"column":4},"end":{"line":30,"column":5}},"type":"if","locations":[{"start":{"line":28,"column":4},"end":{"line":30,"column":5}},{"start":{},"end":{}}],"line":28}},"s":{"0":4,"1":4,"2":4,"3":4,"4":4,"5":4,"6":4,"7":4,"8":4,"9":0,"10":0,"11":4,"12":4,"13":4,"14":4,"15":4,"16":4,"17":0,"18":0,"19":4,"20":0,"21":0,"22":0,"23":4},"f":{"0":4,"1":4,"2":0},"b":{"0":[4,0]},"_coverageSchema":"1a1c01bbd47fc00a2c39e90264f33305004495a9","hash":"fc1c75320861b2f938c56d3dd987aa65b087a931"},"C:\\Users\\singh\\OneDrive\\Desktop\\Incubyte\\backend\\src\\server.js":{"path":"C:\\Users\\singh\\OneDrive\\Desktop\\Incubyte\\backend\\src\\server.js","statementMap":{"0":{"start":{"line":1,"column":16},"end":{"line":1,"column":34}},"1":{"start":{"line":2,"column":13},"end":{"line":2,"column":28}},"2":{"start":{"line":3,"column":15},"end":{"line":3,"column":32}},"3":{"start":{"line":4,"column":18},"end":{"line":4,"column":46}},"4":{"start":{"line":5,"column":19},"end":{"line":5,"column":49}},"5":{"start":{"line":6,"column":20},"end":{"line":6,"column":51}},"6":{"start":{"line":8,"column":0},"end":{"line":8,"column":16}},"7":{"start":{"line":10,"column":12},"end":{"line":10,"column":21}},"8":{"start":{"line":12,"column":0},"end":{"line":12,"column":16}},"9":{"start":{"line":13,"column":0},"end":{"line":13,"column":24}},"10":{"start":{"line":14,"column":0},"end":{"line":14,"column":48}},"11":{"start":{"line":17,"column":0},"end":{"line":19,"column":1}},"12":{"start":{"line":18,"column":2},"end":{"line":18,"column":14}},"13":{"start":{"line":21,"column":0},"end":{"line":21,"column":33}},"14":{"start":{"line":22,"column":0},"end":{"line":22,"column":36}},"15":{"start":{"line":24,"column":0},"end":{"line":26,"column":3}},"16":{"start":{"line":25,"column":2},"end":{"line":25,"column":59}},"17":{"start":{"line":28,"column":0},"end":{"line":31,"column":3}},"18":{"start":{"line":29,"column":2},"end":{"line":29,"column":27}},"19":{"start":{"line":30,"column":2},"end":{"line":30,"column":81}},"20":{"start":{"line":33,"column":13},"end":{"line":33,"column":37}},"21":{"start":{"line":35,"column":0},"end":{"line":39,"column":1}},"22":{"start":{"line":36,"column":2},"end":{"line":38,"column":5}},"23":{"start":{"line":37,"column":4},"end":{"line":37,"column":50}},"24":{"start":{"line":41,"column":0},"end":{"line":41,"column":21}}},"fnMap":{"0":{"name":"(anonymous_0)","decl":{"start":{"line":24,"column":23},"end":{"line":24,"column":24}},"loc":{"start":{"line":24,"column":37},"end":{"line":26,"column":1}},"line":24},"1":{"name":"(anonymous_1)","decl":{"start":{"line":28,"column":8},"end":{"line":28,"column":9}},"loc":{"start":{"line":28,"column":33},"end":{"line":31,"column":1}},"line":28},"2":{"name":"(anonymous_2)","decl":{"start":{"line":36,"column":19},"end":{"line":36,"column":20}},"loc":{"start":{"line":36,"column":25},"end":{"line":38,"column":3}},"line":36}},"branchMap":{"0":{"loc":{"start":{"line":17,"column":0},"end":{"line":19,"column":1}},"type":"if","locations":[{"start":{"line":17,"column":0},"end":{"line":19,"column":1}},{"start":{},"end":{}}],"line":17},"1":{"loc":{"start":{"line":33,"column":13},"end":{"line":33,"column":37}},"type":"binary-expr","locations":[{"start":{"line":33,"column":13},"end":{"line":33,"column":29}},{"start":{"line":33,"column":33},"end":{"line":33,"column":37}}],"line":33},"2":{"loc":{"start":{"line":35,"column":0},"end":{"line":39,"column":1}},"type":"if","locations":[{"start":{"line":35,"column":0},"end":{"line":39,"column":1}},{"start":{},"end":{}}],"line":35}},"s":{"0":2,"1":2,"2":2,"3":2,"4":2,"5":2,"6":2,"7":2,"8":2,"9":2,"10":2,"11":2,"12":0,"13":2,"14":2,"15":2,"16":0,"17":2,"18":0,"19":0,"20":2,"21":2,"22":0,"23":0,"24":2},"f":{"0":0,"1":0,"2":0},"b":{"0":[0,2],"1":[2,0],"2":[0,2]},"_coverageSchema":"1a1c01bbd47fc00a2c39e90264f33305004495a9","hash":"c6f245c5bb79d3772675b83928bf581a793d64a5"},"C:\\Users\\singh\\OneDrive\\Desktop\\Incubyte\\backend\\src\\config\\database.js":{"path":"C:\\Users\\singh\\OneDrive\\Desktop\\Incubyte\\backend\\src\\config\\database.js","statementMap":{"0":{"start":{"line":1,"column":17},"end":{"line":1,"column":36}},"1":{"start":{"line":3,"column":18},"end":{"line":19,"column":1}},"2":{"start":{"line":4,"column":2},"end":{"line":18,"column":3}},"3":{"start":{"line":6,"column":4},"end":{"line":9,"column":5}},"4":{"start":{"line":7,"column":6},"end":{"line":7,"column":47}},"5":{"start":{"line":8,"column":6},"end":{"line":8,"column":13}},"6":{"start":{"line":11,"column":4},"end":{"line":11,"column":52}},"7":{"start":{"line":12,"column":4},"end":{"line":12,"column":50}},"8":{"start":{"line":14,"column":4},"end":{"line":14,"column":63}},"9":{"start":{"line":15,"column":4},"end":{"line":17,"column":5}},"10":{"start":{"line":16,"column":6},"end":{"line":16,"column":22}},"11":{"start":{"line":21,"column":0},"end":{"line":21,"column":27}}},"fnMap":{"0":{"name":"(anonymous_0)","decl":{"start":{"line":3,"column":18},"end":{"line":3,"column":19}},"loc":{"start":{"line":3,"column":30},"end":{"line":19,"column":1}},"line":3}},"branchMap":{"0":{"loc":{"start":{"line":6,"column":4},"end":{"line":9,"column":5}},"type":"if","locations":[{"start":{"line":6,"column":4},"end":{"line":9,"column":5}},{"start":{},"end":{}}],"line":6},"1":{"loc":{"start":{"line":15,"column":4},"end":{"line":17,"column":5}},"type":"if","locations":[{"start":{"line":15,"column":4},"end":{"line":17,"column":5}},{"start":{},"end":{}}],"line":15}},"s":{"0":2,"1":2,"2":0,"3":0,"4":0,"5":0,"6":0,"7":0,"8":0,"9":0,"10":0,"11":2},"f":{"0":0},"b":{"0":[0,0],"1":[0,0]},"_coverageSchema":"1a1c01bbd47fc00a2c39e90264f33305004495a9","hash":"9c1c35975641f490d2dae932096d2388b52dfe9c"},"C:\\Users\\singh\\OneDrive\\Desktop\\Incubyte\\backend\\src\\routes\\authRoutes.js":{"path":"C:\\Users\\singh\\OneDrive\\Desktop\\Incubyte\\backend\\src\\routes\\authRoutes.js","statementMap":{"0":{"start":{"line":1,"column":16},"end":{"line":1,"column":34}},"1":{"start":{"line":2,"column":15},"end":{"line":2,"column":31}},"2":{"start":{"line":3,"column":23},"end":{"line":3,"column":63}},"3":{"start":{"line":5,"column":0},"end":{"line":5,"column":50}},"4":{"start":{"line":6,"column":0},"end":{"line":6,"column":44}},"5":{"start":{"line":8,"column":0},"end":{"line":8,"column":24}}},"fnMap":{},"branchMap":{},"s":{"0":2,"1":2,"2":2,"3":2,"4":2,"5":2},"f":{},"b":{},"_coverageSchema":"1a1c01bbd47fc00a2c39e90264f33305004495a9","hash":"6192e2453afae0188a22495655a3200c85de4bca"},"C:\\Users\\singh\\OneDrive\\Desktop\\Incubyte\\backend\\src\\controllers\\authController.js":{"path":"C:\\Users\\singh\\OneDrive\\Desktop\\Incubyte\\backend\\src\\controllers\\authController.js","statementMap":{"0":{"start":{"line":1,"column":13},"end":{"line":1,"column":38}},"1":{"start":{"line":2,"column":12},"end":{"line":2,"column":35}},"2":{"start":{"line":4,"column":22},"end":{"line":8,"column":1}},"3":{"start":{"line":5,"column":2},"end":{"line":7,"column":5}},"4":{"start":{"line":11,"column":0},"end":{"line":42,"column":2}},"5":{"start":{"line":12,"column":2},"end":{"line":41,"column":3}},"6":{"start":{"line":13,"column":48},"end":{"line":13,"column":56}},"7":{"start":{"line":16,"column":25},"end":{"line":16,"column":79}},"8":{"start":{"line":17,"column":4},"end":{"line":21,"column":5}},"9":{"start":{"line":18,"column":6},"end":{"line":20,"column":9}},"10":{"start":{"line":24,"column":17},"end":{"line":24,"column":78}},"11":{"start":{"line":25,"column":4},"end":{"line":25,"column":22}},"12":{"start":{"line":27,"column":18},"end":{"line":27,"column":41}},"13":{"start":{"line":29,"column":4},"end":{"line":38,"column":7}},"14":{"start":{"line":40,"column":4},"end":{"line":40,"column":76}},"15":{"start":{"line":45,"column":0},"end":{"line":74,"column":2}},"16":{"start":{"line":46,"column":2},"end":{"line":73,"column":3}},"17":{"start":{"line":47,"column":32},"end":{"line":47,"column":40}},"18":{"start":{"line":49,"column":17},"end":{"line":49,"column":46}},"19":{"start":{"line":50,"column":4},"end":{"line":52,"column":5}},"20":{"start":{"line":51,"column":6},"end":{"line":51,"column":70}},"21":{"start":{"line":54,"column":20},"end":{"line":54,"column":56}},"22":{"start":{"line":55,"column":4},"end":{"line":57,"column":5}},"23":{"start":{"line":56,"column":6},"end":{"line":56,"column":70}},"24":{"start":{"line":59,"column":18},"end":{"line":59,"column":41}},"25":{"start":{"line":61,"column":4},"end":{"line":70,"column":7}},"26":{"start":{"line":72,"column":4},"end":{"line":72,"column":76}}},"fnMap":{"0":{"name":"(anonymous_0)","decl":{"start":{"line":4,"column":22},"end":{"line":4,"column":23}},"loc":{"start":{"line":4,"column":34},"end":{"line":8,"column":1}},"line":4},"1":{"name":"(anonymous_1)","decl":{"start":{"line":11,"column":19},"end":{"line":11,"column":20}},"loc":{"start":{"line":11,"column":39},"end":{"line":42,"column":1}},"line":11},"2":{"name":"(anonymous_2)","decl":{"start":{"line":45,"column":16},"end":{"line":45,"column":17}},"loc":{"start":{"line":45,"column":36},"end":{"line":74,"column":1}},"line":45}},"branchMap":{"0":{"loc":{"start":{"line":17,"column":4},"end":{"line":21,"column":5}},"type":"if","locations":[{"start":{"line":17,"column":4},"end":{"line":21,"column":5}},{"start":{},"end":{}}],"line":17},"1":{"loc":{"start":{"line":24,"column":61},"end":{"line":24,"column":75}},"type":"binary-expr","locations":[{"start":{"line":24,"column":61},"end":{"line":24,"column":65}},{"start":{"line":24,"column":69},"end":{"line":24,"column":75}}],"line":24},"2":{"loc":{"start":{"line":50,"column":4},"end":{"line":52,"column":5}},"type":"if","locations":[{"start":{"line":50,"column":4},"end":{"line":52,"column":5}},{"start":{},"end":{}}],"line":50},"3":{"loc":{"start":{"line":55,"column":4},"end":{"line":57,"column":5}},"type":"if","locations":[{"start":{"line":55,"column":4},"end":{"line":57,"column":5}},{"start":{},"end":{}}],"line":55}},"s":{"0":2,"1":2,"2":2,"3":5,"4":2,"5":4,"6":4,"7":4,"8":4,"9":0,"10":4,"11":4,"12":4,"13":4,"14":0,"15":2,"16":1,"17":1,"18":1,"19":1,"20":0,"21":1,"22":1,"23":0,"24":1,"25":1,"26":0},"f":{"0":5,"1":4,"2":1},"b":{"0":[0,4],"1":[4,3],"2":[0,1],"3":[0,1]},"_coverageSchema":"1a1c01bbd47fc00a2c39e90264f33305004495a9","hash":"1ed7ca0636cff5a00261c5e287430582a07cebca"},"C:\\Users\\singh\\OneDrive\\Desktop\\Incubyte\\backend\\src\\models\\User.js":{"path":"C:\\Users\\singh\\OneDrive\\Desktop\\Incubyte\\backend\\src\\models\\User.js","statementMap":{"0":{"start":{"line":1,"column":17},"end":{"line":1,"column":36}},"1":{"start":{"line":2,"column":15},"end":{"line":2,"column":34}},"2":{"start":{"line":4,"column":19},"end":{"line":31,"column":2}},"3":{"start":{"line":33,"column":0},"end":{"line":38,"column":3}},"4":{"start":{"line":34,"column":2},"end":{"line":34,"column":43}},"5":{"start":{"line":34,"column":36},"end":{"line":34,"column":43}},"6":{"start":{"line":36,"column":15},"end":{"line":36,"column":39}},"7":{"start":{"line":37,"column":2},"end":{"line":37,"column":57}},"8":{"start":{"line":40,"column":0},"end":{"line":42,"column":2}},"9":{"start":{"line":41,"column":2},"end":{"line":41,"column":64}},"10":{"start":{"line":44,"column":0},"end":{"line":44,"column":52}}},"fnMap":{"0":{"name":"(anonymous_0)","decl":{"start":{"line":33,"column":23},"end":{"line":33,"column":24}},"loc":{"start":{"line":33,"column":40},"end":{"line":38,"column":1}},"line":33},"1":{"name":"(anonymous_1)","decl":{"start":{"line":40,"column":37},"end":{"line":40,"column":38}},"loc":{"start":{"line":40,"column":71},"end":{"line":42,"column":1}},"line":40}},"branchMap":{"0":{"loc":{"start":{"line":34,"column":2},"end":{"line":34,"column":43}},"type":"if","locations":[{"start":{"line":34,"column":2},"end":{"line":34,"column":43}},{"start":{},"end":{}}],"line":34}},"s":{"0":3,"1":3,"2":3,"3":3,"4":6,"5":0,"6":6,"7":6,"8":3,"9":1,"10":3},"f":{"0":6,"1":1},"b":{"0":[0,6]},"_coverageSchema":"1a1c01bbd47fc00a2c39e90264f33305004495a9","hash":"51f1a059d89dbced6fdaf9ed15c40dda1550e6d8"},"C:\\Users\\singh\\OneDrive\\Desktop\\Incubyte\\backend\\src\\routes\\sweetRoutes.js":{"path":"C:\\Users\\singh\\OneDrive\\Desktop\\Incubyte\\backend\\src\\routes\\sweetRoutes.js","statementMap":{"0":{"start":{"line":1,"column":16},"end":{"line":1,"column":34}},"1":{"start":{"line":2,"column":15},"end":{"line":2,"column":31}},"2":{"start":{"line":3,"column":24},"end":{"line":3,"column":65}},"3":{"start":{"line":4,"column":44},"end":{"line":4,"column":73}},"4":{"start":{"line":6,"column":0},"end":{"line":6,"column":59}},"5":{"start":{"line":7,"column":0},"end":{"line":7,"column":62}},"6":{"start":{"line":8,"column":0},"end":{"line":8,"column":68}},"7":{"start":{"line":9,"column":0},"end":{"line":9,"column":64}},"8":{"start":{"line":10,"column":0},"end":{"line":10,"column":84}},"9":{"start":{"line":11,"column":0},"end":{"line":11,"column":76}},"10":{"start":{"line":12,"column":0},"end":{"line":12,"column":91}},"11":{"start":{"line":14,"column":0},"end":{"line":14,"column":24}}},"fnMap":{},"branchMap":{},"s":{"0":2,"1":2,"2":2,"3":2,"4":2,"5":2,"6":2,"7":2,"8":2,"9":2,"10":2,"11":2},"f":{},"b":{},"_coverageSchema":"1a1c01bbd47fc00a2c39e90264f33305004495a9","hash":"3e72b2be2c3defa9ee22af536c0dd27b7292c29a"},"C:\\Users\\singh\\OneDrive\\Desktop\\Incubyte\\backend\\src\\controllers\\sweetController.js":{"path":"C:\\Users\\singh\\OneDrive\\Desktop\\Incubyte\\backend\\src\\controllers\\sweetController.js","statementMap":{"0":{"start":{"line":1,"column":14},"end":{"line":1,"column":40}},"1":{"start":{"line":3,"column":0},"end":{"line":21,"column":2}},"2":{"start":{"line":4,"column":2},"end":{"line":20,"column":3}},"3":{"start":{"line":5,"column":71},"end":{"line":5,"column":79}},"4":{"start":{"line":7,"column":18},"end":{"line":14,"column":6}},"5":{"start":{"line":16,"column":4},"end":{"line":16,"column":23}},"6":{"start":{"line":17,"column":4},"end":{"line":17,"column":73}},"7":{"start":{"line":19,"column":4},"end":{"line":19,"column":76}},"8":{"start":{"line":23,"column":0},"end":{"line":30,"column":2}},"9":{"start":{"line":24,"column":2},"end":{"line":29,"column":3}},"10":{"start":{"line":25,"column":19},"end":{"line":25,"column":37}},"11":{"start":{"line":26,"column":4},"end":{"line":26,"column":47}},"12":{"start":{"line":28,"column":4},"end":{"line":28,"column":76}},"13":{"start":{"line":33,"column":0},"end":{"line":58,"column":2}},"14":{"start":{"line":34,"column":2},"end":{"line":57,"column":3}},"15":{"start":{"line":35,"column":51},"end":{"line":35,"column":60}},"16":{"start":{"line":37,"column":16},"end":{"line":37,"column":18}},"17":{"start":{"line":39,"column":4},"end":{"line":41,"column":5}},"18":{"start":{"line":40,"column":6},"end":{"line":40,"column":51}},"19":{"start":{"line":43,"column":4},"end":{"line":45,"column":5}},"20":{"start":{"line":44,"column":6},"end":{"line":44,"column":59}},"21":{"start":{"line":47,"column":4},"end":{"line":51,"column":5}},"22":{"start":{"line":48,"column":6},"end":{"line":48,"column":23}},"23":{"start":{"line":49,"column":6},"end":{"line":49,"column":60}},"24":{"start":{"line":49,"column":20},"end":{"line":49,"column":60}},"25":{"start":{"line":50,"column":6},"end":{"line":50,"column":60}},"26":{"start":{"line":50,"column":20},"end":{"line":50,"column":60}},"27":{"start":{"line":53,"column":19},"end":{"line":53,"column":42}},"28":{"start":{"line":54,"column":4},"end":{"line":54,"column":47}},"29":{"start":{"line":56,"column":4},"end":{"line":56,"column":76}},"30":{"start":{"line":60,"column":0},"end":{"line":78,"column":2}},"31":{"start":{"line":61,"column":2},"end":{"line":77,"column":3}},"32":{"start":{"line":62,"column":19},"end":{"line":62,"column":29}},"33":{"start":{"line":63,"column":20},"end":{"line":63,"column":28}},"34":{"start":{"line":65,"column":18},"end":{"line":68,"column":6}},"35":{"start":{"line":70,"column":4},"end":{"line":72,"column":5}},"36":{"start":{"line":71,"column":6},"end":{"line":71,"column":66}},"37":{"start":{"line":74,"column":4},"end":{"line":74,"column":63}},"38":{"start":{"line":76,"column":4},"end":{"line":76,"column":76}},"39":{"start":{"line":80,"column":0},"end":{"line":94,"column":2}},"40":{"start":{"line":81,"column":2},"end":{"line":93,"column":3}},"41":{"start":{"line":82,"column":19},"end":{"line":82,"column":29}},"42":{"start":{"line":84,"column":18},"end":{"line":84,"column":51}},"43":{"start":{"line":86,"column":4},"end":{"line":88,"column":5}},"44":{"start":{"line":87,"column":6},"end":{"line":87,"column":66}},"45":{"start":{"line":90,"column":4},"end":{"line":90,"column":56}},"46":{"start":{"line":92,"column":4},"end":{"line":92,"column":76}},"47":{"start":{"line":96,"column":0},"end":{"line":129,"column":2}},"48":{"start":{"line":97,"column":2},"end":{"line":128,"column":3}},"49":{"start":{"line":98,"column":19},"end":{"line":98,"column":29}},"50":{"start":{"line":99,"column":25},"end":{"line":99,"column":33}},"51":{"start":{"line":101,"column":4},"end":{"line":103,"column":5}},"52":{"start":{"line":102,"column":6},"end":{"line":102,"column":67}},"53":{"start":{"line":105,"column":18},"end":{"line":105,"column":42}},"54":{"start":{"line":107,"column":4},"end":{"line":109,"column":5}},"55":{"start":{"line":108,"column":6},"end":{"line":108,"column":66}},"56":{"start":{"line":111,"column":4},"end":{"line":116,"column":5}},"57":{"start":{"line":112,"column":6},"end":{"line":115,"column":9}},"58":{"start":{"line":118,"column":4},"end":{"line":118,"column":31}},"59":{"start":{"line":119,"column":4},"end":{"line":119,"column":23}},"60":{"start":{"line":121,"column":4},"end":{"line":125,"column":7}},"61":{"start":{"line":127,"column":4},"end":{"line":127,"column":76}},"62":{"start":{"line":131,"column":0},"end":{"line":157,"column":2}},"63":{"start":{"line":132,"column":2},"end":{"line":156,"column":3}},"64":{"start":{"line":133,"column":19},"end":{"line":133,"column":29}},"65":{"start":{"line":134,"column":25},"end":{"line":134,"column":33}},"66":{"start":{"line":136,"column":4},"end":{"line":138,"column":5}},"67":{"start":{"line":137,"column":6},"end":{"line":137,"column":67}},"68":{"start":{"line":140,"column":18},"end":{"line":140,"column":42}},"69":{"start":{"line":142,"column":4},"end":{"line":144,"column":5}},"70":{"start":{"line":143,"column":6},"end":{"line":143,"column":66}},"71":{"start":{"line":146,"column":4},"end":{"line":146,"column":31}},"72":{"start":{"line":147,"column":4},"end":{"line":147,"column":23}},"73":{"start":{"line":149,"column":4},"end":{"line":153,"column":7}},"74":{"start":{"line":155,"column":4},"end":{"line":155,"column":76}}},"fnMap":{"0":{"name":"(anonymous_0)","decl":{"start":{"line":3,"column":19},"end":{"line":3,"column":20}},"loc":{"start":{"line":3,"column":39},"end":{"line":21,"column":1}},"line":3},"1":{"name":"(anonymous_1)","decl":{"start":{"line":23,"column":23},"end":{"line":23,"column":24}},"loc":{"start":{"line":23,"column":43},"end":{"line":30,"column":1}},"line":23},"2":{"name":"(anonymous_2)","decl":{"start":{"line":33,"column":23},"end":{"line":33,"column":24}},"loc":{"start":{"line":33,"column":43},"end":{"line":58,"column":1}},"line":33},"3":{"name":"(anonymous_3)","decl":{"start":{"line":60,"column":22},"end":{"line":60,"column":23}},"loc":{"start":{"line":60,"column":42},"end":{"line":78,"column":1}},"line":60},"4":{"name":"(anonymous_4)","decl":{"start":{"line":80,"column":22},"end":{"line":80,"column":23}},"loc":{"start":{"line":80,"column":42},"end":{"line":94,"column":1}},"line":80},"5":{"name":"(anonymous_5)","decl":{"start":{"line":96,"column":24},"end":{"line":96,"column":25}},"loc":{"start":{"line":96,"column":44},"end":{"line":129,"column":1}},"line":96},"6":{"name":"(anonymous_6)","decl":{"start":{"line":131,"column":23},"end":{"line":131,"column":24}},"loc":{"start":{"line":131,"column":43},"end":{"line":157,"column":1}},"line":131}},"branchMap":{"0":{"loc":{"start":{"line":39,"column":4},"end":{"line":41,"column":5}},"type":"if","locations":[{"start":{"line":39,"column":4},"end":{"line":41,"column":5}},{"start":{},"end":{}}],"line":39},"1":{"loc":{"start":{"line":43,"column":4},"end":{"line":45,"column":5}},"type":"if","locations":[{"start":{"line":43,"column":4},"end":{"line":45,"column":5}},{"start":{},"end":{}}],"line":43},"2":{"loc":{"start":{"line":47,"column":4},"end":{"line":51,"column":5}},"type":"if","locations":[{"start":{"line":47,"column":4},"end":{"line":51,"column":5}},{"start":{},"end":{}}],"line":47},"3":{"loc":{"start":{"line":47,"column":8},"end":{"line":47,"column":28}},"type":"binary-expr","locations":[{"start":{"line":47,"column":8},"end":{"line":47,"column":16}},{"start":{"line":47,"column":20},"end":{"line":47,"column":28}}],"line":47},"4":{"loc":{"start":{"line":49,"column":6},"end":{"line":49,"column":60}},"type":"if","locations":[{"start":{"line":49,"column":6},"end":{"line":49,"column":60}},{"start":{},"end":{}}],"line":49},"5":{"loc":{"start":{"line":50,"column":6},"end":{"line":50,"column":60}},"type":"if","locations":[{"start":{"line":50,"column":6},"end":{"line":50,"column":60}},{"start":{},"end":{}}],"line":50},"6":{"loc":{"start":{"line":70,"column":4},"end":{"line":72,"column":5}},"type":"if","locations":[{"start":{"line":70,"column":4},"end":{"line":72,"column":5}},{"start":{},"end":{}}],"line":70},"7":{"loc":{"start":{"line":86,"column":4},"end":{"line":88,"column":5}},"type":"if","locations":[{"start":{"line":86,"column":4},"end":{"line":88,"column":5}},{"start":{},"end":{}}],"line":86},"8":{"loc":{"start":{"line":101,"column":4},"end":{"line":103,"column":5}},"type":"if","locations":[{"start":{"line":101,"column":4},"end":{"line":103,"column":5}},{"start":{},"end":{}}],"line":101},"9":{"loc":{"start":{"line":101,"column":8},"end":{"line":101,"column":33}},"type":"binary-expr","locations":[{"start":{"line":101,"column":8},"end":{"line":101,"column":17}},{"start":{"line":101,"column":21},"end":{"line":101,"column":33}}],"line":101},"10":{"loc":{"start":{"line":107,"column":4},"end":{"line":109,"column":5}},"type":"if","locations":[{"start":{"line":107,"column":4},"end":{"line":109,"column":5}},{"start":{},"end":{}}],"line":107},"11":{"loc":{"start":{"line":111,"column":4},"end":{"line":116,"column":5}},"type":"if","locations":[{"start":{"line":111,"column":4},"end":{"line":116,"column":5}},{"start":{},"end":{}}],"line":111},"12":{"loc":{"start":{"line":136,"column":4},"end":{"line":138,"column":5}},"type":"if","locations":[{"start":{"line":136,"column":4},"end":{"line":138,"column":5}},{"start":{},"end":{}}],"line":136},"13":{"loc":{"start":{"line":136,"column":8},"end":{"line":136,"column":33}},"type":"binary-expr","locations":[{"start":{"line":136,"column":8},"end":{"line":136,"column":17}},{"start":{"line":136,"column":21},"end":{"line":136,"column":33}}],"line":136},"14":{"loc":{"start":{"line":142,"column":4},"end":{"line":144,"column":5}},"type":"if","locations":[{"start":{"line":142,"column":4},"end":{"line":144,"column":5}},{"start":{},"end":{}}],"line":142}},"s":{"0":2,"1":2,"2":1,"3":1,"4":1,"5":1,"6":1,"7":0,"8":2,"9":1,"10":1,"11":1,"12":0,"13":2,"14":0,"15":0,"16":0,"17":0,"18":0,"19":0,"20":0,"21":0,"22":0,"23":0,"24":0,"25":0,"26":0,"27":0,"28":0,"29":0,"30":2,"31":0,"32":0,"33":0,"34":0,"35":0,"36":0,"37":0,"38":0,"39":2,"40":1,"41":1,"42":1,"43":1,"44":0,"45":1,"46":0,"47":2,"48":2,"49":2,"50":2,"51":2,"52":0,"53":2,"54":2,"55":0,"56":2,"57":1,"58":1,"59":1,"60":1,"61":0,"62":2,"63":0,"64":0,"65":0,"66":0,"67":0,"68":0,"69":0,"70":0,"71":0,"72":0,"73":0,"74":0},"f":{"0":1,"1":1,"2":0,"3":0,"4":1,"5":2,"6":0},"b":{"0":[0,0],"1":[0,0],"2":[0,0],"3":[0,0],"4":[0,0],"5":[0,0],"6":[0,0],"7":[0,1],"8":[0,2],"9":[2,2],"10":[0,2],"11":[1,1],"12":[0,0],"13":[0,0],"14":[0,0]},"_coverageSchema":"1a1c01bbd47fc00a2c39e90264f33305004495a9","hash":"fec9814c2129f7e7431fa6664c33364b4feeb1d5"},"C:\\Users\\singh\\OneDrive\\Desktop\\Incubyte\\backend\\src\\models\\Sweet.js":{"path":"C:\\Users\\singh\\OneDrive\\Desktop\\Incubyte\\backend\\src\\models\\Sweet.js","statementMap":{"0":{"start":{"line":1,"column":17},"end":{"line":1,"column":36}},"1":{"start":{"line":3,"column":20},"end":{"line":34,"column":2}},"2":{"start":{"line":36,"column":0},"end":{"line":36,"column":54}},"3":{"start":{"line":38,"column":0},"end":{"line":38,"column":54}}},"fnMap":{},"branchMap":{},"s":{"0":3,"1":3,"2":3,"3":3},"f":{},"b":{},"_coverageSchema":"1a1c01bbd47fc00a2c39e90264f33305004495a9","hash":"1c4df2b4a1e720cbcfd37d7c9bbecf351c60ad92"},"C:\\Users\\singh\\OneDrive\\Desktop\\Incubyte\\backend\\src\\middleware\\auth.js":{"path":"C:\\Users\\singh\\OneDrive\\Desktop\\Incubyte\\backend\\src\\middleware\\auth.js","statementMap":{"0":{"start":{"line":1,"column":12},"end":{"line":1,"column":35}},"1":{"start":{"line":2,"column":13},"end":{"line":2,"column":38}},"2":{"start":{"line":4,"column":23},"end":{"line":24,"column":1}},"3":{"start":{"line":5,"column":2},"end":{"line":23,"column":3}},"4":{"start":{"line":6,"column":18},"end":{"line":6,"column":69}},"5":{"start":{"line":8,"column":4},"end":{"line":10,"column":5}},"6":{"start":{"line":9,"column":6},"end":{"line":9,"column":81}},"7":{"start":{"line":12,"column":20},"end":{"line":12,"column":61}},"8":{"start":{"line":13,"column":17},"end":{"line":13,"column":72}},"9":{"start":{"line":15,"column":4},"end":{"line":17,"column":5}},"10":{"start":{"line":16,"column":6},"end":{"line":16,"column":69}},"11":{"start":{"line":19,"column":4},"end":{"line":19,"column":20}},"12":{"start":{"line":20,"column":4},"end":{"line":20,"column":11}},"13":{"start":{"line":22,"column":4},"end":{"line":22,"column":60}},"14":{"start":{"line":26,"column":24},"end":{"line":32,"column":1}},"15":{"start":{"line":27,"column":2},"end":{"line":31,"column":3}},"16":{"start":{"line":28,"column":4},"end":{"line":28,"column":11}},"17":{"start":{"line":30,"column":4},"end":{"line":30,"column":68}},"18":{"start":{"line":34,"column":0},"end":{"line":34,"column":53}}},"fnMap":{"0":{"name":"(anonymous_0)","decl":{"start":{"line":4,"column":23},"end":{"line":4,"column":24}},"loc":{"start":{"line":4,"column":49},"end":{"line":24,"column":1}},"line":4},"1":{"name":"(anonymous_1)","decl":{"start":{"line":26,"column":24},"end":{"line":26,"column":25}},"loc":{"start":{"line":26,"column":44},"end":{"line":32,"column":1}},"line":26}},"branchMap":{"0":{"loc":{"start":{"line":8,"column":4},"end":{"line":10,"column":5}},"type":"if","locations":[{"start":{"line":8,"column":4},"end":{"line":10,"column":5}},{"start":{},"end":{}}],"line":8},"1":{"loc":{"start":{"line":15,"column":4},"end":{"line":17,"column":5}},"type":"if","locations":[{"start":{"line":15,"column":4},"end":{"line":17,"column":5}},{"start":{},"end":{}}],"line":15},"2":{"loc":{"start":{"line":27,"column":2},"end":{"line":31,"column":3}},"type":"if","locations":[{"start":{"line":27,"column":2},"end":{"line":31,"column":3}},{"start":{"line":29,"column":9},"end":{"line":31,"column":3}}],"line":27},"3":{"loc":{"start":{"line":27,"column":6},"end":{"line":27,"column":43}},"type":"binary-expr","locations":[{"start":{"line":27,"column":6},"end":{"line":27,"column":14}},{"start":{"line":27,"column":18},"end":{"line":27,"column":43}}],"line":27}},"s":{"0":2,"1":2,"2":2,"3":7,"4":7,"5":7,"6":1,"7":6,"8":6,"9":6,"10":0,"11":6,"12":6,"13":0,"14":2,"15":2,"16":1,"17":1,"18":2},"f":{"0":7,"1":2},"b":{"0":[1,6],"1":[0,6],"2":[1,1],"3":[2,2]},"_coverageSchema":"1a1c01bbd47fc00a2c39e90264f33305004495a9","hash":"5c812029efc7e7506d3c53318365452a80b178e0"}}}
