TN:
SF:src\server.js
FN:24,(anonymous_0)
FN:28,(anonymous_1)
FN:36,(anonymous_2)
FNF:3
FNH:0
FNDA:0,(anonymous_0)
FNDA:0,(anonymous_1)
FNDA:0,(anonymous_2)
DA:1,2
DA:2,2
DA:3,2
DA:4,2
DA:5,2
DA:6,2
DA:8,2
DA:10,2
DA:12,2
DA:13,2
DA:14,2
DA:17,2
DA:18,0
DA:21,2
DA:22,2
DA:24,2
DA:25,0
DA:28,2
DA:29,0
DA:30,0
DA:33,2
DA:35,2
DA:36,0
DA:37,0
DA:41,2
LF:25
LH:19
BRDA:17,0,0,0
BRDA:17,0,1,2
BRDA:33,1,0,2
BRDA:33,1,1,0
BRDA:35,2,0,0
BRDA:35,2,1,2
BRF:6
BRH:3
end_of_record
TN:
SF:src\config\database.js
FN:3,(anonymous_0)
FNF:1
FNH:0
FNDA:0,(anonymous_0)
DA:1,2
DA:3,2
DA:4,0
DA:6,0
DA:7,0
DA:8,0
DA:11,0
DA:12,0
DA:14,0
DA:15,0
DA:16,0
DA:21,2
LF:12
LH:3
BRDA:6,0,0,0
BRDA:6,0,1,0
BRDA:15,1,0,0
BRDA:15,1,1,0
BRF:4
BRH:0
end_of_record
TN:
SF:src\controllers\authController.js
FN:4,(anonymous_0)
FN:11,(anonymous_1)
FN:45,(anonymous_2)
FNF:3
FNH:3
FNDA:5,(anonymous_0)
FNDA:4,(anonymous_1)
FNDA:1,(anonymous_2)
DA:1,2
DA:2,2
DA:4,2
DA:5,5
DA:11,2
DA:12,4
DA:13,4
DA:16,4
DA:17,4
DA:18,0
DA:24,4
DA:25,4
DA:27,4
DA:29,4
DA:40,0
DA:45,2
DA:46,1
DA:47,1
DA:49,1
DA:50,1
DA:51,0
DA:54,1
DA:55,1
DA:56,0
DA:59,1
DA:61,1
DA:72,0
LF:27
LH:22
BRDA:17,0,0,0
BRDA:17,0,1,4
BRDA:24,1,0,4
BRDA:24,1,1,3
BRDA:50,2,0,0
BRDA:50,2,1,1
BRDA:55,3,0,0
BRDA:55,3,1,1
BRF:8
BRH:5
end_of_record
TN:
SF:src\controllers\sweetController.js
FN:3,(anonymous_0)
FN:23,(anonymous_1)
FN:33,(anonymous_2)
FN:60,(anonymous_3)
FN:80,(anonymous_4)
FN:96,(anonymous_5)
FN:131,(anonymous_6)
FNF:7
FNH:4
FNDA:1,(anonymous_0)
FNDA:1,(anonymous_1)
FNDA:0,(anonymous_2)
FNDA:0,(anonymous_3)
FNDA:1,(anonymous_4)
FNDA:2,(anonymous_5)
FNDA:0,(anonymous_6)
DA:1,2
DA:3,2
DA:4,1
DA:5,1
DA:7,1
DA:16,1
DA:17,1
DA:19,0
DA:23,2
DA:24,1
DA:25,1
DA:26,1
DA:28,0
DA:33,2
DA:34,0
DA:35,0
DA:37,0
DA:39,0
DA:40,0
DA:43,0
DA:44,0
DA:47,0
DA:48,0
DA:49,0
DA:50,0
DA:53,0
DA:54,0
DA:56,0
DA:60,2
DA:61,0
DA:62,0
DA:63,0
DA:65,0
DA:70,0
DA:71,0
DA:74,0
DA:76,0
DA:80,2
DA:81,1
DA:82,1
DA:84,1
DA:86,1
DA:87,0
DA:90,1
DA:92,0
DA:96,2
DA:97,2
DA:98,2
DA:99,2
DA:101,2
DA:102,0
DA:105,2
DA:107,2
DA:108,0
DA:111,2
DA:112,1
DA:118,1
DA:119,1
DA:121,1
DA:127,0
DA:131,2
DA:132,0
DA:133,0
DA:134,0
DA:136,0
DA:137,0
DA:140,0
DA:142,0
DA:143,0
DA:146,0
DA:147,0
DA:149,0
DA:155,0
LF:73
LH:32
BRDA:39,0,0,0
BRDA:39,0,1,0
BRDA:43,1,0,0
BRDA:43,1,1,0
BRDA:47,2,0,0
BRDA:47,2,1,0
BRDA:47,3,0,0
BRDA:47,3,1,0
BRDA:49,4,0,0
BRDA:49,4,1,0
BRDA:50,5,0,0
BRDA:50,5,1,0
BRDA:70,6,0,0
BRDA:70,6,1,0
BRDA:86,7,0,0
BRDA:86,7,1,1
BRDA:101,8,0,0
BRDA:101,8,1,2
BRDA:101,9,0,2
BRDA:101,9,1,2
BRDA:107,10,0,0
BRDA:107,10,1,2
BRDA:111,11,0,1
BRDA:111,11,1,1
BRDA:136,12,0,0
BRDA:136,12,1,0
BRDA:136,13,0,0
BRDA:136,13,1,0
BRDA:142,14,0,0
BRDA:142,14,1,0
BRF:30
BRH:7
end_of_record
TN:
SF:src\middleware\auth.js
FN:4,(anonymous_0)
FN:26,(anonymous_1)
FNF:2
FNH:2
FNDA:7,(anonymous_0)
FNDA:2,(anonymous_1)
DA:1,2
DA:2,2
DA:4,2
DA:5,7
DA:6,7
DA:8,7
DA:9,1
DA:12,6
DA:13,6
DA:15,6
DA:16,0
DA:19,6
DA:20,6
DA:22,0
DA:26,2
DA:27,2
DA:28,1
DA:30,1
DA:34,2
LF:19
LH:17
BRDA:8,0,0,1
BRDA:8,0,1,6
BRDA:15,1,0,0
BRDA:15,1,1,6
BRDA:27,2,0,1
BRDA:27,2,1,1
BRDA:27,3,0,2
BRDA:27,3,1,2
BRF:8
BRH:7
end_of_record
TN:
SF:src\models\Sweet.js
FNF:0
FNH:0
DA:1,3
DA:3,3
DA:36,3
DA:38,3
LF:4
LH:4
BRF:0
BRH:0
end_of_record
TN:
SF:src\models\User.js
FN:33,(anonymous_0)
FN:40,(anonymous_1)
FNF:2
FNH:2
FNDA:6,(anonymous_0)
FNDA:1,(anonymous_1)
DA:1,3
DA:2,3
DA:4,3
DA:33,3
DA:34,6
DA:36,6
DA:37,6
DA:40,3
DA:41,1
DA:44,3
LF:10
LH:10
BRDA:34,0,0,0
BRDA:34,0,1,6
BRF:2
BRH:1
end_of_record
TN:
SF:src\routes\authRoutes.js
FNF:0
FNH:0
DA:1,2
DA:2,2
DA:3,2
DA:5,2
DA:6,2
DA:8,2
LF:6
LH:6
BRF:0
BRH:0
end_of_record
TN:
SF:src\routes\sweetRoutes.js
FNF:0
FNH:0
DA:1,2
DA:2,2
DA:3,2
DA:4,2
DA:6,2
DA:7,2
DA:8,2
DA:9,2
DA:10,2
DA:11,2
DA:12,2
DA:14,2
LF:12
LH:12
BRF:0
BRH:0
end_of_record
TN:
SF:src\tests\db-handler.js
FN:6,(anonymous_0)
FN:24,(anonymous_1)
FN:37,(anonymous_2)
FNF:3
FNH:2
FNDA:4,(anonymous_0)
FNDA:4,(anonymous_1)
FNDA:0,(anonymous_2)
DA:1,4
DA:2,4
DA:6,4
DA:7,4
DA:9,4
DA:12,4
DA:13,4
DA:15,4
DA:17,4
DA:19,0
DA:20,0
DA:24,4
DA:25,4
DA:26,4
DA:27,4
DA:28,4
DA:29,4
DA:32,0
DA:33,0
DA:37,4
DA:38,0
DA:39,0
DA:40,0
DA:44,4
LF:24
LH:17
BRDA:28,0,0,4
BRDA:28,0,1,0
BRF:2
BRH:1
end_of_record
